{"/Users/mathiasakerberg/Documents/development/javascript/express-demo/app/main.js": {"path":"/Users/mathiasakerberg/Documents/development/javascript/express-demo/app/main.js","statementMap":{"0":{"start":{"line":2,"column":12},"end":{"line":2,"column":28}},"1":{"start":{"line":3,"column":14},"end":{"line":3,"column":32}},"2":{"start":{"line":4,"column":11},"end":{"line":4,"column":26}},"3":{"start":{"line":5,"column":13},"end":{"line":5,"column":30}},"4":{"start":{"line":6,"column":19},"end":{"line":6,"column":43}},"5":{"start":{"line":7,"column":17},"end":{"line":7,"column":39}},"6":{"start":{"line":9,"column":13},"end":{"line":9,"column":38}},"7":{"start":{"line":11,"column":10},"end":{"line":11,"column":19}},"8":{"start":{"line":14,"column":0},"end":{"line":14,"column":48}},"9":{"start":{"line":15,"column":0},"end":{"line":15,"column":30}},"10":{"start":{"line":19,"column":0},"end":{"line":19,"column":23}},"11":{"start":{"line":20,"column":0},"end":{"line":20,"column":27}},"12":{"start":{"line":21,"column":0},"end":{"line":21,"column":52}},"13":{"start":{"line":22,"column":0},"end":{"line":22,"column":24}},"14":{"start":{"line":23,"column":0},"end":{"line":23,"column":56}},"15":{"start":{"line":25,"column":0},"end":{"line":25,"column":21}},"16":{"start":{"line":28,"column":0},"end":{"line":32,"column":3}},"17":{"start":{"line":29,"column":12},"end":{"line":29,"column":34}},"18":{"start":{"line":30,"column":2},"end":{"line":30,"column":19}},"19":{"start":{"line":31,"column":2},"end":{"line":31,"column":12}},"20":{"start":{"line":38,"column":0},"end":{"line":46,"column":1}},"21":{"start":{"line":39,"column":2},"end":{"line":45,"column":5}},"22":{"start":{"line":40,"column":4},"end":{"line":40,"column":34}},"23":{"start":{"line":41,"column":4},"end":{"line":44,"column":7}},"24":{"start":{"line":50,"column":0},"end":{"line":56,"column":3}},"25":{"start":{"line":51,"column":2},"end":{"line":51,"column":32}},"26":{"start":{"line":52,"column":2},"end":{"line":55,"column":5}},"27":{"start":{"line":58,"column":0},"end":{"line":58,"column":42}},"28":{"start":{"line":60,"column":0},"end":{"line":62,"column":3}},"29":{"start":{"line":61,"column":2},"end":{"line":61,"column":73}},"30":{"start":{"line":64,"column":0},"end":{"line":64,"column":21}}},"fnMap":{"0":{"name":"(anonymous_0)","decl":{"start":{"line":28,"column":8},"end":{"line":28,"column":9}},"loc":{"start":{"line":28,"column":33},"end":{"line":32,"column":1}},"line":28},"1":{"name":"(anonymous_1)","decl":{"start":{"line":39,"column":10},"end":{"line":39,"column":11}},"loc":{"start":{"line":39,"column":34},"end":{"line":45,"column":3}},"line":39},"2":{"name":"(anonymous_2)","decl":{"start":{"line":50,"column":8},"end":{"line":50,"column":9}},"loc":{"start":{"line":50,"column":32},"end":{"line":56,"column":1}},"line":50},"3":{"name":"(anonymous_3)","decl":{"start":{"line":60,"column":41},"end":{"line":60,"column":42}},"loc":{"start":{"line":60,"column":52},"end":{"line":62,"column":1}},"line":60}},"branchMap":{"0":{"loc":{"start":{"line":38,"column":0},"end":{"line":46,"column":1}},"type":"if","locations":[{"start":{"line":38,"column":0},"end":{"line":46,"column":1}},{"start":{"line":38,"column":0},"end":{"line":46,"column":1}}],"line":38},"1":{"loc":{"start":{"line":40,"column":15},"end":{"line":40,"column":32}},"type":"binary-expr","locations":[{"start":{"line":40,"column":15},"end":{"line":40,"column":25}},{"start":{"line":40,"column":29},"end":{"line":40,"column":32}}],"line":40},"2":{"loc":{"start":{"line":51,"column":13},"end":{"line":51,"column":30}},"type":"binary-expr","locations":[{"start":{"line":51,"column":13},"end":{"line":51,"column":23}},{"start":{"line":51,"column":27},"end":{"line":51,"column":30}}],"line":51},"3":{"loc":{"start":{"line":58,"column":16},"end":{"line":58,"column":40}},"type":"binary-expr","locations":[{"start":{"line":58,"column":16},"end":{"line":58,"column":32}},{"start":{"line":58,"column":36},"end":{"line":58,"column":40}}],"line":58}},"s":{"0":1,"1":1,"2":1,"3":1,"4":1,"5":1,"6":1,"7":1,"8":1,"9":1,"10":1,"11":1,"12":1,"13":1,"14":1,"15":1,"16":1,"17":0,"18":0,"19":0,"20":1,"21":0,"22":0,"23":0,"24":1,"25":0,"26":0,"27":1,"28":1,"29":1,"30":1},"f":{"0":0,"1":0,"2":0,"3":1},"b":{"0":[0,1],"1":[0,0],"2":[0,0],"3":[1,1]},"_coverageSchema":"332fd63041d2c1bcb487cc26dd0d5f7d97098a6c","hash":"18e93a514b991f55293e8fa5512a6d5be9481d29"}
,"/Users/mathiasakerberg/Documents/development/javascript/express-demo/app/routes/index.js": {"path":"/Users/mathiasakerberg/Documents/development/javascript/express-demo/app/routes/index.js","statementMap":{"0":{"start":{"line":2,"column":14},"end":{"line":2,"column":32}},"1":{"start":{"line":3,"column":13},"end":{"line":3,"column":29}},"2":{"start":{"line":6,"column":0},"end":{"line":8,"column":3}},"3":{"start":{"line":7,"column":4},"end":{"line":7,"column":42}},"4":{"start":{"line":10,"column":0},"end":{"line":10,"column":24}}},"fnMap":{"0":{"name":"(anonymous_0)","decl":{"start":{"line":6,"column":16},"end":{"line":6,"column":17}},"loc":{"start":{"line":6,"column":36},"end":{"line":8,"column":1}},"line":6}},"branchMap":{},"s":{"0":1,"1":1,"2":1,"3":1,"4":1},"f":{"0":1},"b":{},"_coverageSchema":"332fd63041d2c1bcb487cc26dd0d5f7d97098a6c","hash":"f7196ca24aa0d43c6c255dd17f7307805f3462d7"}
}
