TN:
SF:/Users/mathiasakerberg/Documents/development/javascript/express-demo/app/main.js
FN:28,(anonymous_0)
FN:39,(anonymous_1)
FN:50,(anonymous_2)
FN:60,(anonymous_3)
FNF:4
FNH:1
FNDA:0,(anonymous_0)
FNDA:0,(anonymous_1)
FNDA:0,(anonymous_2)
FNDA:1,(anonymous_3)
DA:2,1
DA:3,1
DA:4,1
DA:5,1
DA:6,1
DA:7,1
DA:9,1
DA:11,1
DA:14,1
DA:15,1
DA:19,1
DA:20,1
DA:21,1
DA:22,1
DA:23,1
DA:25,1
DA:28,1
DA:29,0
DA:30,0
DA:31,0
DA:38,1
DA:39,0
DA:40,0
DA:41,0
DA:50,1
DA:51,0
DA:52,0
DA:58,1
DA:60,1
DA:61,1
DA:64,1
LF:31
LH:23
BRDA:38,0,0,0
BRDA:38,0,1,1
BRDA:40,1,0,0
BRDA:40,1,1,0
BRDA:51,2,0,0
BRDA:51,2,1,0
BRDA:58,3,0,1
BRDA:58,3,1,1
BRF:8
BRH:3
end_of_record
TN:
SF:/Users/mathiasakerberg/Documents/development/javascript/express-demo/app/routes/index.js
FN:6,(anonymous_0)
FNF:1
FNH:1
FNDA:1,(anonymous_0)
DA:2,1
DA:3,1
DA:6,1
DA:7,1
DA:10,1
LF:5
LH:5
BRF:0
BRH:0
end_of_record
